Full structure of /scratch/general/vast/u6059911/Datasets/ProcessedData/Epochs240BatchSize16384/Data.h5:
/ [Group]
  └─ Attribute: config = {"Read_configs": {"BACKGROUND": {"file_path": "/scratch/general/vast/u6059911/Datasets/Baseline/ZB_preprocessed_2024E_381148.h5", "train_sector": [0, 2000000], "test_sector": [2000000, 8000000], "object_ranges": {"met": 0, "egs": [1, 13], "muons": [13, 21], "jets": [21, 33], "taus": [33, 45]}, "constituents": {"MET": [true], "EGAMMA": [true, true, true, true, false, false, false, false, false, false, false, false], "MUON": [true, true, true, true, false, false, false, false], "JET": [true, true, true, true, true, true, true, true, true, true, false, false], "TAU": [false, false, false, false, false, false, false, false, false, false, false, false]}}, "SIGNAL": {"file_path": "/scratch/general/vast/u6059911/Datasets/Baseline/BSM_preprocessed.h5", "MAX_NUM_SIGNALS": 20000, "object_ranges": {"met": 0, "egs": [1, 13], "muons": [13, 21], "jets": [21, 33], "taus": [33, 45]}, "constituents": {"MET": [true], "EGAMMA": [true, true, true, true, false, false, false, false, false, false, false, false], "MUON": [true, true, true, true, false, false, false, false], "JET": [true, true, true, true, true, true, true, true, true, true, false, false], "TAU": [false, false, false, false, false, false, false, false, false, false, false, false]}}}, "Muon_quality_configs": {"filter_muons": false, "qual_cut": 6}, "Saturation_configs": {"saturation_mode": "mask"}, "Normalisation_configs": {"scheme": "RobustScaler_pow2(5,95,-2,2)", "norm_ignore_zeros": true}, "Quantization_configs": {"quantize_bits": [8, 5]}, "Processed_data_path": "/scratch/general/vast/u6059911/RunBaseline/run_all_baseline/Data.h5"}
/Background_data/ [Group]
/Background_data/Test/ [Group]
/Background_data/Test/DATA/ [Dataset] shape=(4462286, 19, 3), dtype=float64
/Background_data/Test/ET/ [Dataset] shape=(4462286,), dtype=float16
/Background_data/Test/HT/ [Dataset] shape=(4462286,), dtype=float16
/Background_data/Test/L1bits/ [Dataset] shape=(4462286,), dtype=bool
/Background_data/Test/MUQUAL/ [Dataset] shape=(4462286, 8), dtype=float16
/Background_data/Test/PU/ [Dataset] shape=(4462286, 7), dtype=float64
/Background_data/Train/ [Group]
/Background_data/Train/DATA/ [Dataset] shape=(1999963, 19, 3), dtype=float64
/Background_data/Train/ET/ [Dataset] shape=(1999963,), dtype=float16
/Background_data/Train/HT/ [Dataset] shape=(1999963,), dtype=float16
/Background_data/Train/L1bits/ [Dataset] shape=(1999963,), dtype=bool
/Background_data/Train/MUQUAL/ [Dataset] shape=(1999963, 8), dtype=float16
/Background_data/Train/PU/ [Dataset] shape=(1999963, 7), dtype=float64
/Normalisation/ [Group]
/Normalisation/norm_bias/ [Dataset] shape=(19, 3), dtype=float64
/Normalisation/norm_scale/ [Dataset] shape=(19, 3), dtype=float64
/Signal_data/ [Group]
/Signal_data/GluGluHToBB_M-125/ [Group]
/Signal_data/GluGluHToBB_M-125/DATA/ [Dataset] shape=(17953, 19, 3), dtype=float64
/Signal_data/GluGluHToBB_M-125/ET/ [Dataset] shape=(17953,), dtype=float16
/Signal_data/GluGluHToBB_M-125/HT/ [Dataset] shape=(17953,), dtype=float16
/Signal_data/GluGluHToBB_M-125/L1bits/ [Dataset] shape=(17953,), dtype=bool
/Signal_data/GluGluHToBB_M-125/MUQUAL/ [Dataset] shape=(17953, 8), dtype=float64
/Signal_data/GluGluHToBB_M-125/PU/ [Dataset] shape=(17953,), dtype=float64
/Signal_data/GluGluHToGG_M-125/ [Group]
/Signal_data/GluGluHToGG_M-125/DATA/ [Dataset] shape=(19433, 19, 3), dtype=float64
/Signal_data/GluGluHToGG_M-125/ET/ [Dataset] shape=(19433,), dtype=float16
/Signal_data/GluGluHToGG_M-125/HT/ [Dataset] shape=(19433,), dtype=float16
/Signal_data/GluGluHToGG_M-125/L1bits/ [Dataset] shape=(19433,), dtype=bool
/Signal_data/GluGluHToGG_M-125/MUQUAL/ [Dataset] shape=(19433, 8), dtype=float64
/Signal_data/GluGluHToGG_M-125/PU/ [Dataset] shape=(19433,), dtype=float64
/Signal_data/GluGluHToGG_M-90/ [Group]
/Signal_data/GluGluHToGG_M-90/DATA/ [Dataset] shape=(19682, 19, 3), dtype=float64
/Signal_data/GluGluHToGG_M-90/ET/ [Dataset] shape=(19682,), dtype=float16
/Signal_data/GluGluHToGG_M-90/HT/ [Dataset] shape=(19682,), dtype=float16
/Signal_data/GluGluHToGG_M-90/L1bits/ [Dataset] shape=(19682,), dtype=bool
/Signal_data/GluGluHToGG_M-90/MUQUAL/ [Dataset] shape=(19682, 8), dtype=float64
/Signal_data/GluGluHToGG_M-90/PU/ [Dataset] shape=(19682,), dtype=float64
/Signal_data/GluGluHToTauTau/ [Group]
/Signal_data/GluGluHToTauTau/DATA/ [Dataset] shape=(19918, 19, 3), dtype=float64
/Signal_data/GluGluHToTauTau/ET/ [Dataset] shape=(19918,), dtype=float16
/Signal_data/GluGluHToTauTau/HT/ [Dataset] shape=(19918,), dtype=float16
/Signal_data/GluGluHToTauTau/L1bits/ [Dataset] shape=(19918,), dtype=bool
/Signal_data/GluGluHToTauTau/MUQUAL/ [Dataset] shape=(19918, 8), dtype=float64
/Signal_data/GluGluHToTauTau/PU/ [Dataset] shape=(19918,), dtype=float64
/Signal_data/GluGlutoHHto2B2WtoLNu2Q/ [Group]
/Signal_data/GluGlutoHHto2B2WtoLNu2Q/DATA/ [Dataset] shape=(19521, 19, 3), dtype=float64
/Signal_data/GluGlutoHHto2B2WtoLNu2Q/ET/ [Dataset] shape=(19521,), dtype=float16
/Signal_data/GluGlutoHHto2B2WtoLNu2Q/HT/ [Dataset] shape=(19521,), dtype=float16
/Signal_data/GluGlutoHHto2B2WtoLNu2Q/L1bits/ [Dataset] shape=(19521,), dtype=bool
/Signal_data/GluGlutoHHto2B2WtoLNu2Q/MUQUAL/ [Dataset] shape=(19521, 8), dtype=float64
/Signal_data/GluGlutoHHto2B2WtoLNu2Q/PU/ [Dataset] shape=(19521,), dtype=float64
/Signal_data/HHHTo6B/ [Group]
/Signal_data/HHHTo6B/DATA/ [Dataset] shape=(18464, 19, 3), dtype=float64
/Signal_data/HHHTo6B/ET/ [Dataset] shape=(18464,), dtype=float16
/Signal_data/HHHTo6B/HT/ [Dataset] shape=(18464,), dtype=float16
/Signal_data/HHHTo6B/L1bits/ [Dataset] shape=(18464,), dtype=bool
/Signal_data/HHHTo6B/MUQUAL/ [Dataset] shape=(18464, 8), dtype=float64
/Signal_data/HHHTo6B/PU/ [Dataset] shape=(18464,), dtype=float64
/Signal_data/HHHto4B2Tau/ [Group]
/Signal_data/HHHto4B2Tau/DATA/ [Dataset] shape=(18477, 19, 3), dtype=float64
/Signal_data/HHHto4B2Tau/ET/ [Dataset] shape=(18477,), dtype=float16
/Signal_data/HHHto4B2Tau/HT/ [Dataset] shape=(18477,), dtype=float16
/Signal_data/HHHto4B2Tau/L1bits/ [Dataset] shape=(18477,), dtype=bool
/Signal_data/HHHto4B2Tau/MUQUAL/ [Dataset] shape=(18477, 8), dtype=float64
/Signal_data/HHHto4B2Tau/PU/ [Dataset] shape=(18477,), dtype=float64
/Signal_data/HTo2LongLivedTo4b_MH-1000_MFF-450_CTau-100000mm/ [Group]
/Signal_data/HTo2LongLivedTo4b_MH-1000_MFF-450_CTau-100000mm/DATA/ [Dataset] shape=(18463, 19, 3), dtype=float64
/Signal_data/HTo2LongLivedTo4b_MH-1000_MFF-450_CTau-100000mm/ET/ [Dataset] shape=(18463,), dtype=float16
/Signal_data/HTo2LongLivedTo4b_MH-1000_MFF-450_CTau-100000mm/HT/ [Dataset] shape=(18463,), dtype=float16
/Signal_data/HTo2LongLivedTo4b_MH-1000_MFF-450_CTau-100000mm/L1bits/ [Dataset] shape=(18463,), dtype=bool
/Signal_data/HTo2LongLivedTo4b_MH-1000_MFF-450_CTau-100000mm/MUQUAL/ [Dataset] shape=(18463, 8), dtype=float64
/Signal_data/HTo2LongLivedTo4b_MH-1000_MFF-450_CTau-100000mm/PU/ [Dataset] shape=(18463,), dtype=float64
/Signal_data/HTo2LongLivedTo4b_MH-1000_MFF-450_CTau-10000mm/ [Group]
/Signal_data/HTo2LongLivedTo4b_MH-1000_MFF-450_CTau-10000mm/DATA/ [Dataset] shape=(16602, 19, 3), dtype=float64
/Signal_data/HTo2LongLivedTo4b_MH-1000_MFF-450_CTau-10000mm/ET/ [Dataset] shape=(16602,), dtype=float16
/Signal_data/HTo2LongLivedTo4b_MH-1000_MFF-450_CTau-10000mm/HT/ [Dataset] shape=(16602,), dtype=float16
/Signal_data/HTo2LongLivedTo4b_MH-1000_MFF-450_CTau-10000mm/L1bits/ [Dataset] shape=(16602,), dtype=bool
/Signal_data/HTo2LongLivedTo4b_MH-1000_MFF-450_CTau-10000mm/MUQUAL/ [Dataset] shape=(16602, 8), dtype=float64
/Signal_data/HTo2LongLivedTo4b_MH-1000_MFF-450_CTau-10000mm/PU/ [Dataset] shape=(16602,), dtype=float64
/Signal_data/HTo2LongLivedTo4b_MH-125_MFF-12_CTau-900mm/ [Group]
/Signal_data/HTo2LongLivedTo4b_MH-125_MFF-12_CTau-900mm/DATA/ [Dataset] shape=(19743, 19, 3), dtype=float64
/Signal_data/HTo2LongLivedTo4b_MH-125_MFF-12_CTau-900mm/ET/ [Dataset] shape=(19743,), dtype=float16
/Signal_data/HTo2LongLivedTo4b_MH-125_MFF-12_CTau-900mm/HT/ [Dataset] shape=(19743,), dtype=float16
/Signal_data/HTo2LongLivedTo4b_MH-125_MFF-12_CTau-900mm/L1bits/ [Dataset] shape=(19743,), dtype=bool
/Signal_data/HTo2LongLivedTo4b_MH-125_MFF-12_CTau-900mm/MUQUAL/ [Dataset] shape=(19743, 8), dtype=float64
/Signal_data/HTo2LongLivedTo4b_MH-125_MFF-12_CTau-900mm/PU/ [Dataset] shape=(19743,), dtype=float64
/Signal_data/HTo2LongLivedTo4b_MH-125_MFF-25_CTau-1500mm/ [Group]
/Signal_data/HTo2LongLivedTo4b_MH-125_MFF-25_CTau-1500mm/DATA/ [Dataset] shape=(19754, 19, 3), dtype=float64
/Signal_data/HTo2LongLivedTo4b_MH-125_MFF-25_CTau-1500mm/ET/ [Dataset] shape=(19754,), dtype=float16
/Signal_data/HTo2LongLivedTo4b_MH-125_MFF-25_CTau-1500mm/HT/ [Dataset] shape=(19754,), dtype=float16
/Signal_data/HTo2LongLivedTo4b_MH-125_MFF-25_CTau-1500mm/L1bits/ [Dataset] shape=(19754,), dtype=bool
/Signal_data/HTo2LongLivedTo4b_MH-125_MFF-25_CTau-1500mm/MUQUAL/ [Dataset] shape=(19754, 8), dtype=float64
/Signal_data/HTo2LongLivedTo4b_MH-125_MFF-25_CTau-1500mm/PU/ [Dataset] shape=(19754,), dtype=float64
/Signal_data/HTo2LongLivedTo4b_MH-125_MFF-50_CTau-3000mm/ [Group]
/Signal_data/HTo2LongLivedTo4b_MH-125_MFF-50_CTau-3000mm/DATA/ [Dataset] shape=(19814, 19, 3), dtype=float64
/Signal_data/HTo2LongLivedTo4b_MH-125_MFF-50_CTau-3000mm/ET/ [Dataset] shape=(19814,), dtype=float16
/Signal_data/HTo2LongLivedTo4b_MH-125_MFF-50_CTau-3000mm/HT/ [Dataset] shape=(19814,), dtype=float16
/Signal_data/HTo2LongLivedTo4b_MH-125_MFF-50_CTau-3000mm/L1bits/ [Dataset] shape=(19814,), dtype=bool
/Signal_data/HTo2LongLivedTo4b_MH-125_MFF-50_CTau-3000mm/MUQUAL/ [Dataset] shape=(19814, 8), dtype=float64
/Signal_data/HTo2LongLivedTo4b_MH-125_MFF-50_CTau-3000mm/PU/ [Dataset] shape=(19814,), dtype=float64
/Signal_data/HTo2LongLivedTo4mu_MH-125_MFF-12_CTau-900mm/ [Group]
/Signal_data/HTo2LongLivedTo4mu_MH-125_MFF-12_CTau-900mm/DATA/ [Dataset] shape=(19893, 19, 3), dtype=float64
/Signal_data/HTo2LongLivedTo4mu_MH-125_MFF-12_CTau-900mm/ET/ [Dataset] shape=(19893,), dtype=float16
/Signal_data/HTo2LongLivedTo4mu_MH-125_MFF-12_CTau-900mm/HT/ [Dataset] shape=(19893,), dtype=float16
/Signal_data/HTo2LongLivedTo4mu_MH-125_MFF-12_CTau-900mm/L1bits/ [Dataset] shape=(19893,), dtype=bool
/Signal_data/HTo2LongLivedTo4mu_MH-125_MFF-12_CTau-900mm/MUQUAL/ [Dataset] shape=(19893, 8), dtype=float64
/Signal_data/HTo2LongLivedTo4mu_MH-125_MFF-12_CTau-900mm/PU/ [Dataset] shape=(19893,), dtype=float64
/Signal_data/HTo2LongLivedTo4mu_MH-125_MFF-25_CTau-1500mm/ [Group]
/Signal_data/HTo2LongLivedTo4mu_MH-125_MFF-25_CTau-1500mm/DATA/ [Dataset] shape=(19901, 19, 3), dtype=float64
/Signal_data/HTo2LongLivedTo4mu_MH-125_MFF-25_CTau-1500mm/ET/ [Dataset] shape=(19901,), dtype=float16
/Signal_data/HTo2LongLivedTo4mu_MH-125_MFF-25_CTau-1500mm/HT/ [Dataset] shape=(19901,), dtype=float16
/Signal_data/HTo2LongLivedTo4mu_MH-125_MFF-25_CTau-1500mm/L1bits/ [Dataset] shape=(19901,), dtype=bool
/Signal_data/HTo2LongLivedTo4mu_MH-125_MFF-25_CTau-1500mm/MUQUAL/ [Dataset] shape=(19901, 8), dtype=float64
/Signal_data/HTo2LongLivedTo4mu_MH-125_MFF-25_CTau-1500mm/PU/ [Dataset] shape=(19901,), dtype=float64
/Signal_data/HTo2LongLivedTo4mu_MH-125_MFF-50_CTau-3000mm/ [Group]
/Signal_data/HTo2LongLivedTo4mu_MH-125_MFF-50_CTau-3000mm/DATA/ [Dataset] shape=(19900, 19, 3), dtype=float64
/Signal_data/HTo2LongLivedTo4mu_MH-125_MFF-50_CTau-3000mm/ET/ [Dataset] shape=(19900,), dtype=float16
/Signal_data/HTo2LongLivedTo4mu_MH-125_MFF-50_CTau-3000mm/HT/ [Dataset] shape=(19900,), dtype=float16
/Signal_data/HTo2LongLivedTo4mu_MH-125_MFF-50_CTau-3000mm/L1bits/ [Dataset] shape=(19900,), dtype=bool
/Signal_data/HTo2LongLivedTo4mu_MH-125_MFF-50_CTau-3000mm/MUQUAL/ [Dataset] shape=(19900, 8), dtype=float64
/Signal_data/HTo2LongLivedTo4mu_MH-125_MFF-50_CTau-3000mm/PU/ [Dataset] shape=(19900,), dtype=float64
/Signal_data/SMS-Higgsino/ [Group]
/Signal_data/SMS-Higgsino/DATA/ [Dataset] shape=(19853, 19, 3), dtype=float64
/Signal_data/SMS-Higgsino/ET/ [Dataset] shape=(19853,), dtype=float16
/Signal_data/SMS-Higgsino/HT/ [Dataset] shape=(19853,), dtype=float16
/Signal_data/SMS-Higgsino/L1bits/ [Dataset] shape=(19853,), dtype=bool
/Signal_data/SMS-Higgsino/MUQUAL/ [Dataset] shape=(19853, 8), dtype=float64
/Signal_data/SMS-Higgsino/PU/ [Dataset] shape=(19853,), dtype=float64
/Signal_data/SUSYGluGluToBBHToBB_NarrowWidth_M-120/ [Group]
/Signal_data/SUSYGluGluToBBHToBB_NarrowWidth_M-120/DATA/ [Dataset] shape=(17005, 19, 3), dtype=float64
/Signal_data/SUSYGluGluToBBHToBB_NarrowWidth_M-120/ET/ [Dataset] shape=(17005,), dtype=float16
/Signal_data/SUSYGluGluToBBHToBB_NarrowWidth_M-120/HT/ [Dataset] shape=(17005,), dtype=float16
/Signal_data/SUSYGluGluToBBHToBB_NarrowWidth_M-120/L1bits/ [Dataset] shape=(17005,), dtype=bool
/Signal_data/SUSYGluGluToBBHToBB_NarrowWidth_M-120/MUQUAL/ [Dataset] shape=(17005, 8), dtype=float64
/Signal_data/SUSYGluGluToBBHToBB_NarrowWidth_M-120/PU/ [Dataset] shape=(17005,), dtype=float64
/Signal_data/SUSYGluGluToBBHToBB_NarrowWidth_M-1200/ [Group]
/Signal_data/SUSYGluGluToBBHToBB_NarrowWidth_M-1200/DATA/ [Dataset] shape=(17005, 19, 3), dtype=float64
/Signal_data/SUSYGluGluToBBHToBB_NarrowWidth_M-1200/ET/ [Dataset] shape=(17005,), dtype=float16
/Signal_data/SUSYGluGluToBBHToBB_NarrowWidth_M-1200/HT/ [Dataset] shape=(17005,), dtype=float16
/Signal_data/SUSYGluGluToBBHToBB_NarrowWidth_M-1200/L1bits/ [Dataset] shape=(17005,), dtype=bool
/Signal_data/SUSYGluGluToBBHToBB_NarrowWidth_M-1200/MUQUAL/ [Dataset] shape=(17005, 8), dtype=float64
/Signal_data/SUSYGluGluToBBHToBB_NarrowWidth_M-1200/PU/ [Dataset] shape=(17005,), dtype=float64
/Signal_data/SUSYGluGluToBBHToBB_NarrowWidth_M-350/ [Group]
/Signal_data/SUSYGluGluToBBHToBB_NarrowWidth_M-350/DATA/ [Dataset] shape=(19912, 19, 3), dtype=float64
/Signal_data/SUSYGluGluToBBHToBB_NarrowWidth_M-350/ET/ [Dataset] shape=(19912,), dtype=float16
/Signal_data/SUSYGluGluToBBHToBB_NarrowWidth_M-350/HT/ [Dataset] shape=(19912,), dtype=float16
/Signal_data/SUSYGluGluToBBHToBB_NarrowWidth_M-350/L1bits/ [Dataset] shape=(19912,), dtype=bool
/Signal_data/SUSYGluGluToBBHToBB_NarrowWidth_M-350/MUQUAL/ [Dataset] shape=(19912, 8), dtype=float64
/Signal_data/SUSYGluGluToBBHToBB_NarrowWidth_M-350/PU/ [Dataset] shape=(19912,), dtype=float64
/Signal_data/SUSYGluGluToBBHToBB_NarrowWidth_M-600/ [Group]
/Signal_data/SUSYGluGluToBBHToBB_NarrowWidth_M-600/DATA/ [Dataset] shape=(18629, 19, 3), dtype=float64
/Signal_data/SUSYGluGluToBBHToBB_NarrowWidth_M-600/ET/ [Dataset] shape=(18629,), dtype=float16
/Signal_data/SUSYGluGluToBBHToBB_NarrowWidth_M-600/HT/ [Dataset] shape=(18629,), dtype=float16
/Signal_data/SUSYGluGluToBBHToBB_NarrowWidth_M-600/L1bits/ [Dataset] shape=(18629,), dtype=bool
/Signal_data/SUSYGluGluToBBHToBB_NarrowWidth_M-600/MUQUAL/ [Dataset] shape=(18629, 8), dtype=float64
/Signal_data/SUSYGluGluToBBHToBB_NarrowWidth_M-600/PU/ [Dataset] shape=(18629,), dtype=float64
/Signal_data/VBFHToCC/ [Group]
/Signal_data/VBFHToCC/DATA/ [Dataset] shape=(19757, 19, 3), dtype=float64
/Signal_data/VBFHToCC/ET/ [Dataset] shape=(19757,), dtype=float16
/Signal_data/VBFHToCC/HT/ [Dataset] shape=(19757,), dtype=float16
/Signal_data/VBFHToCC/L1bits/ [Dataset] shape=(19757,), dtype=bool
/Signal_data/VBFHToCC/MUQUAL/ [Dataset] shape=(19757, 8), dtype=float64
/Signal_data/VBFHToCC/PU/ [Dataset] shape=(19757,), dtype=float64
/Signal_data/VBFHToInvisible/ [Group]
/Signal_data/VBFHToInvisible/DATA/ [Dataset] shape=(19803, 19, 3), dtype=float64
/Signal_data/VBFHToInvisible/ET/ [Dataset] shape=(19803,), dtype=float16
/Signal_data/VBFHToInvisible/HT/ [Dataset] shape=(19803,), dtype=float16
/Signal_data/VBFHToInvisible/L1bits/ [Dataset] shape=(19803,), dtype=bool
/Signal_data/VBFHToInvisible/MUQUAL/ [Dataset] shape=(19803, 8), dtype=float64
/Signal_data/VBFHToInvisible/PU/ [Dataset] shape=(19803,), dtype=float64
/Signal_data/VBFHToTauTau/ [Group]
/Signal_data/VBFHToTauTau/DATA/ [Dataset] shape=(19625, 19, 3), dtype=float64
/Signal_data/VBFHToTauTau/ET/ [Dataset] shape=(19625,), dtype=float16
/Signal_data/VBFHToTauTau/HT/ [Dataset] shape=(19625,), dtype=float16
/Signal_data/VBFHToTauTau/L1bits/ [Dataset] shape=(19625,), dtype=bool
/Signal_data/VBFHToTauTau/MUQUAL/ [Dataset] shape=(19625, 8), dtype=float64
/Signal_data/VBFHToTauTau/PU/ [Dataset] shape=(19625,), dtype=float64
/Signal_data/VBFHto2B/ [Group]
/Signal_data/VBFHto2B/DATA/ [Dataset] shape=(19780, 19, 3), dtype=float64
/Signal_data/VBFHto2B/ET/ [Dataset] shape=(19780,), dtype=float16
/Signal_data/VBFHto2B/HT/ [Dataset] shape=(19780,), dtype=float16
/Signal_data/VBFHto2B/L1bits/ [Dataset] shape=(19780,), dtype=bool
/Signal_data/VBFHto2B/MUQUAL/ [Dataset] shape=(19780, 8), dtype=float64
/Signal_data/VBFHto2B/PU/ [Dataset] shape=(19780,), dtype=float64
/Signal_data/WToTauTo3Mu/ [Group]
/Signal_data/WToTauTo3Mu/DATA/ [Dataset] shape=(19999, 19, 3), dtype=float64
/Signal_data/WToTauTo3Mu/ET/ [Dataset] shape=(19999,), dtype=float16
/Signal_data/WToTauTo3Mu/HT/ [Dataset] shape=(19999,), dtype=float16
/Signal_data/WToTauTo3Mu/L1bits/ [Dataset] shape=(19999,), dtype=bool
/Signal_data/WToTauTo3Mu/MUQUAL/ [Dataset] shape=(19999, 8), dtype=float64
/Signal_data/WToTauTo3Mu/PU/ [Dataset] shape=(19999,), dtype=float64
/Signal_data/ggXToJpsiJpsiTo2Mu2E_m7/ [Group]
/Signal_data/ggXToJpsiJpsiTo2Mu2E_m7/DATA/ [Dataset] shape=(20000, 19, 3), dtype=float64
/Signal_data/ggXToJpsiJpsiTo2Mu2E_m7/ET/ [Dataset] shape=(20000,), dtype=float16
/Signal_data/ggXToJpsiJpsiTo2Mu2E_m7/HT/ [Dataset] shape=(20000,), dtype=float16
/Signal_data/ggXToJpsiJpsiTo2Mu2E_m7/L1bits/ [Dataset] shape=(20000,), dtype=bool
/Signal_data/ggXToJpsiJpsiTo2Mu2E_m7/MUQUAL/ [Dataset] shape=(20000, 8), dtype=float64
/Signal_data/ggXToJpsiJpsiTo2Mu2E_m7/PU/ [Dataset] shape=(20000,), dtype=float64
/Signal_data/ggXToYYTo2Mu2E_m18/ [Group]
/Signal_data/ggXToYYTo2Mu2E_m18/DATA/ [Dataset] shape=(20000, 19, 3), dtype=float64
/Signal_data/ggXToYYTo2Mu2E_m18/ET/ [Dataset] shape=(20000,), dtype=float16
/Signal_data/ggXToYYTo2Mu2E_m18/HT/ [Dataset] shape=(20000,), dtype=float16
/Signal_data/ggXToYYTo2Mu2E_m18/L1bits/ [Dataset] shape=(20000,), dtype=bool
/Signal_data/ggXToYYTo2Mu2E_m18/MUQUAL/ [Dataset] shape=(20000, 8), dtype=float64
/Signal_data/ggXToYYTo2Mu2E_m18/PU/ [Dataset] shape=(20000,), dtype=float64
/Signal_data/ggXToYYTo2Mu2E_m26/ [Group]
/Signal_data/ggXToYYTo2Mu2E_m26/DATA/ [Dataset] shape=(19999, 19, 3), dtype=float64
/Signal_data/ggXToYYTo2Mu2E_m26/ET/ [Dataset] shape=(19999,), dtype=float16
/Signal_data/ggXToYYTo2Mu2E_m26/HT/ [Dataset] shape=(19999,), dtype=float16
/Signal_data/ggXToYYTo2Mu2E_m26/L1bits/ [Dataset] shape=(19999,), dtype=bool
/Signal_data/ggXToYYTo2Mu2E_m26/MUQUAL/ [Dataset] shape=(19999, 8), dtype=float64
/Signal_data/ggXToYYTo2Mu2E_m26/PU/ [Dataset] shape=(19999,), dtype=float64
/Signal_data/haa4b-ma15-noPU/ [Group]
/Signal_data/haa4b-ma15-noPU/DATA/ [Dataset] shape=(19971, 19, 3), dtype=float64
/Signal_data/haa4b-ma15-noPU/ET/ [Dataset] shape=(19971,), dtype=float16
/Signal_data/haa4b-ma15-noPU/HT/ [Dataset] shape=(19971,), dtype=float16
/Signal_data/haa4b-ma15-noPU/L1bits/ [Dataset] shape=(19971,), dtype=bool
/Signal_data/haa4b-ma15-noPU/MUQUAL/ [Dataset] shape=(19971, 8), dtype=float64
/Signal_data/haa4b-ma15-noPU/PU/ [Dataset] shape=(19971,), dtype=float64
/Signal_data/ttHto2B/ [Group]
/Signal_data/ttHto2B/DATA/ [Dataset] shape=(18678, 19, 3), dtype=float64
/Signal_data/ttHto2B/ET/ [Dataset] shape=(18678,), dtype=float16
/Signal_data/ttHto2B/HT/ [Dataset] shape=(18678,), dtype=float16
/Signal_data/ttHto2B/L1bits/ [Dataset] shape=(18678,), dtype=bool
/Signal_data/ttHto2B/MUQUAL/ [Dataset] shape=(18678, 8), dtype=float64
/Signal_data/ttHto2B/PU/ [Dataset] shape=(18678,), dtype=float64
/Signal_data/ttHto2C/ [Group]
/Signal_data/ttHto2C/DATA/ [Dataset] shape=(18636, 19, 3), dtype=float64
/Signal_data/ttHto2C/ET/ [Dataset] shape=(18636,), dtype=float16
/Signal_data/ttHto2C/HT/ [Dataset] shape=(18636,), dtype=float16
/Signal_data/ttHto2C/L1bits/ [Dataset] shape=(18636,), dtype=bool
/Signal_data/ttHto2C/MUQUAL/ [Dataset] shape=(18636, 8), dtype=float64
/Signal_data/ttHto2C/PU/ [Dataset] shape=(18636,), dtype=float64
