Full structure of ZB_preprocessed_2024E_381148.h5:
/ [Group]
/ET/ [Dataset] shape=(6462359,), dtype=float16
/HT/ [Dataset] shape=(6462359,), dtype=float16
/L1_DoubleEG11_er1p2_dR_Max0p6/ [Dataset] shape=(6462359,), dtype=bool
/L1_DoubleEG8er2p5_HTT300er/ [Dataset] shape=(6462359,), dtype=bool
/L1_DoubleEG8er2p5_HTT320er/ [Dataset] shape=(6462359,), dtype=bool
/L1_DoubleEG_25_12_er2p5/ [Dataset] shape=(6462359,), dtype=bool
/L1_DoubleEG_25_14_er2p5/ [Dataset] shape=(6462359,), dtype=bool
/L1_DoubleEG_27_14_er2p5/ [Dataset] shape=(6462359,), dtype=bool
/L1_DoubleEG_LooseIso18_LooseIso12_er1p5/ [Dataset] shape=(6462359,), dtype=bool
/L1_DoubleEG_LooseIso20_LooseIso12_er1p5/ [Dataset] shape=(6462359,), dtype=bool
/L1_DoubleEG_LooseIso22_12_er2p5/ [Dataset] shape=(6462359,), dtype=bool
/L1_DoubleEG_LooseIso22_LooseIso12_er1p5/ [Dataset] shape=(6462359,), dtype=bool
/L1_DoubleEG_LooseIso25_12_er2p5/ [Dataset] shape=(6462359,), dtype=bool
/L1_DoubleEG_LooseIso25_LooseIso12_er1p5/ [Dataset] shape=(6462359,), dtype=bool
/L1_DoubleIsoTau26er2p1_Jet55_RmOvlp_dR0p5/ [Dataset] shape=(6462359,), dtype=bool
/L1_DoubleIsoTau26er2p1_Jet70_RmOvlp_dR0p5/ [Dataset] shape=(6462359,), dtype=bool
/L1_DoubleIsoTau34er2p1/ [Dataset] shape=(6462359,), dtype=bool
/L1_DoubleIsoTau35er2p1/ [Dataset] shape=(6462359,), dtype=bool
/L1_DoubleIsoTau36er2p1/ [Dataset] shape=(6462359,), dtype=bool
/L1_DoubleJet112er2p3_dEta_Max1p6/ [Dataset] shape=(6462359,), dtype=bool
/L1_DoubleJet150er2p5/ [Dataset] shape=(6462359,), dtype=bool
/L1_DoubleJet30er2p5_Mass_Min250_dEta_Max1p5/ [Dataset] shape=(6462359,), dtype=bool
/L1_DoubleJet30er2p5_Mass_Min300_dEta_Max1p5/ [Dataset] shape=(6462359,), dtype=bool
/L1_DoubleJet30er2p5_Mass_Min330_dEta_Max1p5/ [Dataset] shape=(6462359,), dtype=bool
/L1_DoubleJet45_Mass_Min550_IsoTau45er2p1_RmOvlp_dR0p5/ [Dataset] shape=(6462359,), dtype=bool
/L1_DoubleJet45_Mass_Min550_LooseIsoEG20er2p1_RmOvlp_dR0p2/ [Dataset] shape=(6462359,), dtype=bool
/L1_DoubleJet45_Mass_Min600_IsoTau45er2p1_RmOvlp_dR0p5/ [Dataset] shape=(6462359,), dtype=bool
/L1_DoubleJet45_Mass_Min600_LooseIsoEG20er2p1_RmOvlp_dR0p2/ [Dataset] shape=(6462359,), dtype=bool
/L1_DoubleJet_110_35_DoubleJet35_Mass_Min800/ [Dataset] shape=(6462359,), dtype=bool
/L1_DoubleJet_110_35_DoubleJet35_Mass_Min850/ [Dataset] shape=(6462359,), dtype=bool
/L1_DoubleJet_65_35_DoubleJet35_Mass_Min600_DoubleJetCentral50/ [Dataset] shape=(6462359,), dtype=bool
/L1_DoubleJet_65_35_DoubleJet35_Mass_Min650_DoubleJetCentral50/ [Dataset] shape=(6462359,), dtype=bool
/L1_DoubleJet_70_35_DoubleJet35_Mass_Min500_ETMHF65/ [Dataset] shape=(6462359,), dtype=bool
/L1_DoubleJet_70_35_DoubleJet35_Mass_Min550_ETMHF65/ [Dataset] shape=(6462359,), dtype=bool
/L1_DoubleJet_85_35_DoubleJet35_Mass_Min600_Mu3OQ/ [Dataset] shape=(6462359,), dtype=bool
/L1_DoubleJet_85_35_DoubleJet35_Mass_Min650_Mu3OQ/ [Dataset] shape=(6462359,), dtype=bool
/L1_DoubleLLPJet40/ [Dataset] shape=(6462359,), dtype=bool
/L1_DoubleLooseIsoEG22er2p1/ [Dataset] shape=(6462359,), dtype=bool
/L1_DoubleLooseIsoEG24er2p1/ [Dataset] shape=(6462359,), dtype=bool
/L1_DoubleMu0_Upt15_Upt7/ [Dataset] shape=(6462359,), dtype=bool
/L1_DoubleMu0_Upt6_IP_Min1_Upt4/ [Dataset] shape=(6462359,), dtype=bool
/L1_DoubleMu0_dR_Max1p6_Jet90er2p5_dR_Max0p8/ [Dataset] shape=(6462359,), dtype=bool
/L1_DoubleMu0er1p4_SQ_OS_dR_Max1p4/ [Dataset] shape=(6462359,), dtype=bool
/L1_DoubleMu0er2p0_SQ_OS_dEta_Max0p3_dPhi_0p8to1p2/ [Dataset] shape=(6462359,), dtype=bool
/L1_DoubleMu18er2p1_SQ/ [Dataset] shape=(6462359,), dtype=bool
/L1_DoubleMu3_OS_er2p3_Mass_Max14_DoubleEG7p5_er2p1_Mass_Max20/ [Dataset] shape=(6462359,), dtype=bool
/L1_DoubleMu3_SQ_ETMHF40_HTT60er/ [Dataset] shape=(6462359,), dtype=bool
/L1_DoubleMu3_SQ_ETMHF40_Jet60er2p5_OR_DoubleJet40er2p5/ [Dataset] shape=(6462359,), dtype=bool
/L1_DoubleMu3_SQ_ETMHF50_HTT60er/ [Dataset] shape=(6462359,), dtype=bool
/L1_DoubleMu3_SQ_ETMHF50_Jet60er2p5/ [Dataset] shape=(6462359,), dtype=bool
/L1_DoubleMu3_SQ_ETMHF50_Jet60er2p5_OR_DoubleJet40er2p5/ [Dataset] shape=(6462359,), dtype=bool
/L1_DoubleMu3_SQ_ETMHF60_Jet60er2p5/ [Dataset] shape=(6462359,), dtype=bool
/L1_DoubleMu3_SQ_HTT220er/ [Dataset] shape=(6462359,), dtype=bool
/L1_DoubleMu4er2p0_SQ_OS_dR_Max1p6/ [Dataset] shape=(6462359,), dtype=bool
/L1_DoubleMu4p5_SQ_OS_dR_Max1p2/ [Dataset] shape=(6462359,), dtype=bool
/L1_DoubleMu4p5er2p0_SQ_OS_Mass_7to18/ [Dataset] shape=(6462359,), dtype=bool
/L1_DoubleMu4p5er2p0_SQ_OS_Mass_Min7/ [Dataset] shape=(6462359,), dtype=bool
/L1_DoubleMu5_OS_er2p3_Mass_8to14_DoubleEG3er2p1_Mass_Max20/ [Dataset] shape=(6462359,), dtype=bool
/L1_DoubleMu5_SQ_EG9er2p5/ [Dataset] shape=(6462359,), dtype=bool
/L1_DoubleMu8_SQ/ [Dataset] shape=(6462359,), dtype=bool
/L1_DoubleMu9_SQ/ [Dataset] shape=(6462359,), dtype=bool
/L1_DoubleMu_15_5_SQ/ [Dataset] shape=(6462359,), dtype=bool
/L1_DoubleMu_15_7/ [Dataset] shape=(6462359,), dtype=bool
/L1_DoubleMu_15_7_SQ/ [Dataset] shape=(6462359,), dtype=bool
/L1_DoubleTau70er2p1/ [Dataset] shape=(6462359,), dtype=bool
/L1_ETM150/ [Dataset] shape=(6462359,), dtype=bool
/L1_ETMHF100/ [Dataset] shape=(6462359,), dtype=bool
/L1_ETMHF100_HTT60er/ [Dataset] shape=(6462359,), dtype=bool
/L1_ETMHF110/ [Dataset] shape=(6462359,), dtype=bool
/L1_ETMHF110_HTT60er/ [Dataset] shape=(6462359,), dtype=bool
/L1_ETMHF120/ [Dataset] shape=(6462359,), dtype=bool
/L1_ETMHF120_HTT60er/ [Dataset] shape=(6462359,), dtype=bool
/L1_ETMHF130/ [Dataset] shape=(6462359,), dtype=bool
/L1_ETMHF130_HTT60er/ [Dataset] shape=(6462359,), dtype=bool
/L1_ETMHF140/ [Dataset] shape=(6462359,), dtype=bool
/L1_ETMHF150/ [Dataset] shape=(6462359,), dtype=bool
/L1_ETMHF90/ [Dataset] shape=(6462359,), dtype=bool
/L1_ETMHF90_HTT60er/ [Dataset] shape=(6462359,), dtype=bool
/L1_ETMHF90_SingleJet60er2p5_dPhi_Min2p1/ [Dataset] shape=(6462359,), dtype=bool
/L1_ETMHF90_SingleJet60er2p5_dPhi_Min2p6/ [Dataset] shape=(6462359,), dtype=bool
/L1_ETT2000/ [Dataset] shape=(6462359,), dtype=bool
/L1_FirstBunchBeforeTrain/ [Dataset] shape=(6462359,), dtype=bool
/L1_HTT200_SingleLLPJet60/ [Dataset] shape=(6462359,), dtype=bool
/L1_HTT240_SingleLLPJet70/ [Dataset] shape=(6462359,), dtype=bool
/L1_HTT280er/ [Dataset] shape=(6462359,), dtype=bool
/L1_HTT280er_QuadJet_70_55_40_35_er2p5/ [Dataset] shape=(6462359,), dtype=bool
/L1_HTT320er/ [Dataset] shape=(6462359,), dtype=bool
/L1_HTT320er_QuadJet_70_55_40_40_er2p5/ [Dataset] shape=(6462359,), dtype=bool
/L1_HTT320er_QuadJet_80_60_er2p1_45_40_er2p3/ [Dataset] shape=(6462359,), dtype=bool
/L1_HTT320er_QuadJet_80_60_er2p1_50_45_er2p3/ [Dataset] shape=(6462359,), dtype=bool
/L1_HTT360er/ [Dataset] shape=(6462359,), dtype=bool
/L1_HTT400er/ [Dataset] shape=(6462359,), dtype=bool
/L1_HTT450er/ [Dataset] shape=(6462359,), dtype=bool
/L1_LooseIsoEG14er2p5_HTT200er/ [Dataset] shape=(6462359,), dtype=bool
/L1_LooseIsoEG16er2p5_HTT200er/ [Dataset] shape=(6462359,), dtype=bool
/L1_LooseIsoEG22er2p1_IsoTau26er2p1_dR_Min0p3/ [Dataset] shape=(6462359,), dtype=bool
/L1_LooseIsoEG22er2p1_Tau70er2p1_dR_Min0p3/ [Dataset] shape=(6462359,), dtype=bool
/L1_LooseIsoEG24er2p1_IsoTau27er2p1_dR_Min0p3/ [Dataset] shape=(6462359,), dtype=bool
/L1_Mu12_HTT150er/ [Dataset] shape=(6462359,), dtype=bool
/L1_Mu12er2p3_Jet40er2p3_dR_Max0p4_DoubleJet40er2p3_dEta_Max1p6/ [Dataset] shape=(6462359,), dtype=bool
/L1_Mu14_HTT150er/ [Dataset] shape=(6462359,), dtype=bool
/L1_Mu18er2p1_Tau24er2p1/ [Dataset] shape=(6462359,), dtype=bool
/L1_Mu18er2p1_Tau26er2p1/ [Dataset] shape=(6462359,), dtype=bool
/L1_Mu18er2p1_Tau26er2p1_Jet55/ [Dataset] shape=(6462359,), dtype=bool
/L1_Mu18er2p1_Tau26er2p1_Jet70/ [Dataset] shape=(6462359,), dtype=bool
/L1_Mu20_EG10er2p5/ [Dataset] shape=(6462359,), dtype=bool
/L1_Mu22er2p1_IsoTau32er2p1/ [Dataset] shape=(6462359,), dtype=bool
/L1_Mu22er2p1_IsoTau34er2p1/ [Dataset] shape=(6462359,), dtype=bool
/L1_Mu22er2p1_IsoTau40er2p1/ [Dataset] shape=(6462359,), dtype=bool
/L1_Mu22er2p1_Tau70er2p1/ [Dataset] shape=(6462359,), dtype=bool
/L1_Mu3er1p5_Jet100er2p5_ETMHF40/ [Dataset] shape=(6462359,), dtype=bool
/L1_Mu3er1p5_Jet100er2p5_ETMHF50/ [Dataset] shape=(6462359,), dtype=bool
/L1_Mu6_DoubleEG12er2p5/ [Dataset] shape=(6462359,), dtype=bool
/L1_Mu6_DoubleEG15er2p5/ [Dataset] shape=(6462359,), dtype=bool
/L1_Mu6_DoubleEG17er2p5/ [Dataset] shape=(6462359,), dtype=bool
/L1_Mu6_HTT240er/ [Dataset] shape=(6462359,), dtype=bool
/L1_Mu6_HTT250er/ [Dataset] shape=(6462359,), dtype=bool
/L1_Mu7_EG20er2p5/ [Dataset] shape=(6462359,), dtype=bool
/L1_Mu7_EG23er2p5/ [Dataset] shape=(6462359,), dtype=bool
/L1_Mu7_LooseIsoEG20er2p5/ [Dataset] shape=(6462359,), dtype=bool
/L1_Mu7_LooseIsoEG23er2p5/ [Dataset] shape=(6462359,), dtype=bool
/L1_QuadJet_95_75_65_20_DoubleJet_75_65_er2p5_Jet20_FWD3p0/ [Dataset] shape=(6462359,), dtype=bool
/L1_SingleEG36er2p5/ [Dataset] shape=(6462359,), dtype=bool
/L1_SingleEG38er2p5/ [Dataset] shape=(6462359,), dtype=bool
/L1_SingleEG40er2p5/ [Dataset] shape=(6462359,), dtype=bool
/L1_SingleEG42er2p5/ [Dataset] shape=(6462359,), dtype=bool
/L1_SingleEG45er2p5/ [Dataset] shape=(6462359,), dtype=bool
/L1_SingleEG60/ [Dataset] shape=(6462359,), dtype=bool
/L1_SingleIsoEG30er2p1/ [Dataset] shape=(6462359,), dtype=bool
/L1_SingleIsoEG30er2p5/ [Dataset] shape=(6462359,), dtype=bool
/L1_SingleIsoEG32er2p1/ [Dataset] shape=(6462359,), dtype=bool
/L1_SingleIsoEG32er2p5/ [Dataset] shape=(6462359,), dtype=bool
/L1_SingleIsoEG34er2p5/ [Dataset] shape=(6462359,), dtype=bool
/L1_SingleJet180/ [Dataset] shape=(6462359,), dtype=bool
/L1_SingleJet180er2p5/ [Dataset] shape=(6462359,), dtype=bool
/L1_SingleJet200/ [Dataset] shape=(6462359,), dtype=bool
/L1_SingleJet43er2p5_NotBptxOR_3BX/ [Dataset] shape=(6462359,), dtype=bool
/L1_SingleJet46er2p5_NotBptxOR_3BX/ [Dataset] shape=(6462359,), dtype=bool
/L1_SingleMu0_Upt15_SQ14_BMTF/ [Dataset] shape=(6462359,), dtype=bool
/L1_SingleMu0_Upt20_SQ14_BMTF/ [Dataset] shape=(6462359,), dtype=bool
/L1_SingleMu11_SQ14_BMTF/ [Dataset] shape=(6462359,), dtype=bool
/L1_SingleMu22/ [Dataset] shape=(6462359,), dtype=bool
/L1_SingleMu25/ [Dataset] shape=(6462359,), dtype=bool
/L1_SingleMuOpen_er1p1_NotBptxOR_3BX/ [Dataset] shape=(6462359,), dtype=bool
/L1_SingleMuOpen_er1p4_NotBptxOR_3BX/ [Dataset] shape=(6462359,), dtype=bool
/L1_SingleMuShower_Nominal/ [Dataset] shape=(6462359,), dtype=bool
/L1_SingleMuShower_Tight/ [Dataset] shape=(6462359,), dtype=bool
/L1_SingleTau120er2p1/ [Dataset] shape=(6462359,), dtype=bool
/L1_SingleTau130er2p1/ [Dataset] shape=(6462359,), dtype=bool
/L1_TripleEG_18_17_8_er2p5/ [Dataset] shape=(6462359,), dtype=bool
/L1_TripleEG_18_18_12_er2p5/ [Dataset] shape=(6462359,), dtype=bool
/L1_TripleJet_100_80_70_DoubleJet_80_70_er2p5/ [Dataset] shape=(6462359,), dtype=bool
/L1_TripleJet_105_85_75_DoubleJet_85_75_er2p5/ [Dataset] shape=(6462359,), dtype=bool
/L1_TripleJet_95_75_65_DoubleJet_75_65_er2p5/ [Dataset] shape=(6462359,), dtype=bool
/L1_TripleMu3_SQ/ [Dataset] shape=(6462359,), dtype=bool
/L1_TripleMu_4SQ_2p5SQ_0_OS_Mass_Max12/ [Dataset] shape=(6462359,), dtype=bool
/L1_TripleMu_5SQ_3SQ_0_DoubleMu_5_3_SQ_OS_Mass_Max9/ [Dataset] shape=(6462359,), dtype=bool
/L1_TripleMu_5_3_3/ [Dataset] shape=(6462359,), dtype=bool
/L1_TripleMu_5_3_3_SQ/ [Dataset] shape=(6462359,), dtype=bool
/L1_TripleMu_5_3p5_2p5_DoubleMu_5_2p5_OS_Mass_5to17/ [Dataset] shape=(6462359,), dtype=bool
/L1_TripleMu_5_4_2p5_DoubleMu_5_2p5_OS_Mass_5to17/ [Dataset] shape=(6462359,), dtype=bool
/L1_TripleMu_5_5_3/ [Dataset] shape=(6462359,), dtype=bool
/L1_TwoMuShower_Loose/ [Dataset] shape=(6462359,), dtype=bool
/L1bit/ [Dataset] shape=(6462359,), dtype=bool
/event_info/ [Dataset] shape=(6462359, 7), dtype=float64
/full_data_cyl/ [Dataset] shape=(6462359, 33, 3), dtype=float16
/full_data_dxy/ [Dataset] shape=(6462359, 33), dtype=float16
/full_data_iso/ [Dataset] shape=(6462359, 33), dtype=float16
/full_data_qual/ [Dataset] shape=(6462359, 33), dtype=float16
/full_data_upt/ [Dataset] shape=(6462359, 33), dtype=float16
/genHT/ [Dataset] shape=(6462359,), dtype=float16
